2025-03-15 11:50:39,472 - adaptive_risk_allocation - WARNING - Không tìm thấy file risk_allocation_config.json, sử dụng cấu hình mặc định
2025-03-15 11:50:39,473 - adaptive_risk_allocation - INFO - Đã lưu cấu hình mặc định vào risk_allocation_config.json
2025-03-15 11:50:39,473 - adaptive_risk_allocation - INFO - Khởi tạo AdaptiveRiskAllocator với 7 mức rủi ro
2025-03-15 11:50:39,473 - adaptive_risk_allocation - INFO - Cập nhật hiệu suất ultra_conservative: daily_return=0.0121, drawdown=0.0000, volatility=0.0000
2025-03-15 11:50:39,473 - adaptive_risk_allocation - INFO - Cập nhật hiệu suất conservative: daily_return=0.0122, drawdown=0.0000, volatility=0.0000
2025-03-15 11:50:39,474 - adaptive_risk_allocation - INFO - Cập nhật hiệu suất moderate: daily_return=0.0153, drawdown=0.0000, volatility=0.0000
2025-03-15 11:50:39,474 - adaptive_risk_allocation - INFO - Cập nhật hiệu suất aggressive: daily_return=0.0200, drawdown=0.0000, volatility=0.0000
2025-03-15 11:50:39,474 - adaptive_risk_allocation - INFO - Cập nhật hiệu suất high_risk: daily_return=0.0161, drawdown=0.0000, volatility=0.0000
2025-03-15 11:50:39,474 - adaptive_risk_allocation - INFO - Cập nhật hiệu suất extreme_risk: daily_return=0.0181, drawdown=0.0000, volatility=0.0000
2025-03-15 11:50:39,474 - adaptive_risk_allocation - INFO - Cập nhật hiệu suất ultra_high_risk: daily_return=0.0383, drawdown=0.0000, volatility=0.0000
2025-03-15 11:50:39,474 - adaptive_risk_allocation - INFO - Cập nhật hiệu suất ultra_conservative: daily_return=0.0124, drawdown=0.0000, volatility=0.0002
2025-03-15 11:50:39,474 - adaptive_risk_allocation - INFO - Cập nhật hiệu suất conservative: daily_return=0.0116, drawdown=0.0000, volatility=0.0003
2025-03-15 11:50:39,475 - adaptive_risk_allocation - INFO - Cập nhật hiệu suất moderate: daily_return=0.0150, drawdown=0.0000, volatility=0.0001
2025-03-15 11:50:39,475 - adaptive_risk_allocation - INFO - Cập nhật hiệu suất aggressive: daily_return=0.0128, drawdown=0.0000, volatility=0.0036
2025-03-15 11:50:39,475 - adaptive_risk_allocation - INFO - Cập nhật hiệu suất high_risk: daily_return=0.0147, drawdown=0.0000, volatility=0.0007
2025-03-15 11:50:39,475 - adaptive_risk_allocation - INFO - Cập nhật hiệu suất extreme_risk: daily_return=0.0219, drawdown=0.0000, volatility=0.0019
2025-03-15 11:50:39,475 - adaptive_risk_allocation - INFO - Cập nhật hiệu suất ultra_high_risk: daily_return=0.0034, drawdown=0.0000, volatility=0.0175
2025-03-15 11:50:39,476 - adaptive_risk_allocation - INFO - Cập nhật hiệu suất ultra_conservative: daily_return=0.0094, drawdown=0.0000, volatility=0.0013
2025-03-15 11:50:39,476 - adaptive_risk_allocation - INFO - Cập nhật hiệu suất conservative: daily_return=0.0114, drawdown=0.0000, volatility=0.0004
2025-03-15 11:50:39,476 - adaptive_risk_allocation - INFO - Cập nhật hiệu suất moderate: daily_return=0.0107, drawdown=0.0000, volatility=0.0021
2025-03-15 11:50:39,476 - adaptive_risk_allocation - INFO - Cập nhật hiệu suất aggressive: daily_return=0.0156, drawdown=0.0000, volatility=0.0029
2025-03-15 11:50:39,476 - adaptive_risk_allocation - INFO - Cập nhật hiệu suất high_risk: daily_return=0.0121, drawdown=0.0000, volatility=0.0017
2025-03-15 11:50:39,477 - adaptive_risk_allocation - INFO - Cập nhật hiệu suất extreme_risk: daily_return=0.0087, drawdown=0.0000, volatility=0.0056
2025-03-15 11:50:39,477 - adaptive_risk_allocation - INFO - Cập nhật hiệu suất ultra_high_risk: daily_return=0.0372, drawdown=0.0000, volatility=0.0162
2025-03-15 11:50:39,477 - adaptive_risk_allocation - INFO - Cập nhật hiệu suất ultra_conservative: daily_return=0.0112, drawdown=0.0000, volatility=0.0012
2025-03-15 11:50:39,477 - adaptive_risk_allocation - INFO - Cập nhật hiệu suất conservative: daily_return=0.0126, drawdown=0.0000, volatility=0.0005
2025-03-15 11:50:39,477 - adaptive_risk_allocation - INFO - Cập nhật hiệu suất moderate: daily_return=0.0095, drawdown=0.0000, volatility=0.0026
2025-03-15 11:50:39,477 - adaptive_risk_allocation - INFO - Cập nhật hiệu suất aggressive: daily_return=0.0125, drawdown=0.0000, volatility=0.0030
2025-03-15 11:50:39,478 - adaptive_risk_allocation - INFO - Cập nhật hiệu suất high_risk: daily_return=0.0182, drawdown=0.0000, volatility=0.0022
2025-03-15 11:50:39,478 - adaptive_risk_allocation - INFO - Cập nhật hiệu suất extreme_risk: daily_return=0.0108, drawdown=0.0000, volatility=0.0054
2025-03-15 11:50:39,478 - adaptive_risk_allocation - INFO - Cập nhật hiệu suất ultra_high_risk: daily_return=0.0263, drawdown=0.0000, volatility=0.0140
2025-03-15 11:50:39,478 - adaptive_risk_allocation - INFO - Cập nhật hiệu suất ultra_conservative: daily_return=0.0108, drawdown=0.0000, volatility=0.0011
2025-03-15 11:50:39,478 - adaptive_risk_allocation - INFO - Cập nhật hiệu suất conservative: daily_return=0.0119, drawdown=0.0000, volatility=0.0005
2025-03-15 11:50:39,478 - adaptive_risk_allocation - INFO - Cập nhật hiệu suất moderate: daily_return=0.0118, drawdown=0.0000, volatility=0.0023
2025-03-15 11:50:39,479 - adaptive_risk_allocation - INFO - Cập nhật hiệu suất aggressive: daily_return=0.0212, drawdown=0.0000, volatility=0.0036
2025-03-15 11:50:39,479 - adaptive_risk_allocation - INFO - Cập nhật hiệu suất high_risk: daily_return=0.0174, drawdown=0.0000, volatility=0.0022
2025-03-15 11:50:39,479 - adaptive_risk_allocation - INFO - Cập nhật hiệu suất extreme_risk: daily_return=0.0115, drawdown=0.0000, volatility=0.0050
2025-03-15 11:50:39,479 - adaptive_risk_allocation - INFO - Cập nhật hiệu suất ultra_high_risk: daily_return=0.0307, drawdown=0.0000, volatility=0.0127
2025-03-15 11:50:39,479 - adaptive_risk_allocation - INFO - Cập nhật hiệu suất ultra_conservative: daily_return=0.0100, drawdown=0.0000, volatility=0.0011
2025-03-15 11:50:39,479 - adaptive_risk_allocation - INFO - Cập nhật hiệu suất conservative: daily_return=0.0129, drawdown=0.0000, volatility=0.0006
2025-03-15 11:50:39,480 - adaptive_risk_allocation - INFO - Cập nhật hiệu suất moderate: daily_return=0.0080, drawdown=0.0000, volatility=0.0027
2025-03-15 11:50:39,480 - adaptive_risk_allocation - INFO - Cập nhật hiệu suất aggressive: daily_return=0.0097, drawdown=0.0000, volatility=0.0041
2025-03-15 11:50:39,480 - adaptive_risk_allocation - INFO - Cập nhật hiệu suất high_risk: daily_return=0.0187, drawdown=0.0000, volatility=0.0023
2025-03-15 11:50:39,480 - adaptive_risk_allocation - INFO - Cập nhật hiệu suất extreme_risk: daily_return=0.0259, drawdown=0.0000, volatility=0.0063
2025-03-15 11:50:39,480 - adaptive_risk_allocation - INFO - Cập nhật hiệu suất ultra_high_risk: daily_return=0.0242, drawdown=0.0000, volatility=0.0116
2025-03-15 11:50:39,480 - adaptive_risk_allocation - INFO - Cập nhật hiệu suất ultra_conservative: daily_return=0.0114, drawdown=0.0000, volatility=0.0010
2025-03-15 11:50:39,481 - adaptive_risk_allocation - INFO - Cập nhật hiệu suất conservative: daily_return=0.0119, drawdown=0.0000, volatility=0.0005
2025-03-15 11:50:39,481 - adaptive_risk_allocation - INFO - Cập nhật hiệu suất moderate: daily_return=0.0094, drawdown=0.0000, volatility=0.0026
2025-03-15 11:50:39,481 - adaptive_risk_allocation - INFO - Cập nhật hiệu suất aggressive: daily_return=0.0119, drawdown=0.0000, volatility=0.0040
2025-03-15 11:50:39,481 - adaptive_risk_allocation - INFO - Cập nhật hiệu suất high_risk: daily_return=0.0147, drawdown=0.0000, volatility=0.0022
2025-03-15 11:50:39,481 - adaptive_risk_allocation - INFO - Cập nhật hiệu suất extreme_risk: daily_return=0.0285, drawdown=0.0000, volatility=0.0072
2025-03-15 11:50:39,481 - adaptive_risk_allocation - INFO - Cập nhật hiệu suất ultra_high_risk: daily_return=0.0259, drawdown=0.0000, volatility=0.0108
2025-03-15 11:50:39,481 - adaptive_risk_allocation - INFO - Cập nhật hiệu suất ultra_conservative: daily_return=0.0094, drawdown=0.0000, volatility=0.0011
2025-03-15 11:50:39,482 - adaptive_risk_allocation - INFO - Cập nhật hiệu suất conservative: daily_return=0.0131, drawdown=0.0000, volatility=0.0006
2025-03-15 11:50:39,482 - adaptive_risk_allocation - INFO - Cập nhật hiệu suất moderate: daily_return=0.0124, drawdown=0.0000, volatility=0.0025
2025-03-15 11:50:39,482 - adaptive_risk_allocation - INFO - Cập nhật hiệu suất aggressive: daily_return=0.0121, drawdown=0.0000, volatility=0.0038
2025-03-15 11:50:39,482 - adaptive_risk_allocation - INFO - Cập nhật hiệu suất high_risk: daily_return=0.0212, drawdown=0.0000, volatility=0.0027
2025-03-15 11:50:39,482 - adaptive_risk_allocation - INFO - Cập nhật hiệu suất extreme_risk: daily_return=0.0282, drawdown=0.0000, volatility=0.0076
2025-03-15 11:50:39,482 - adaptive_risk_allocation - INFO - Cập nhật hiệu suất ultra_high_risk: daily_return=0.0318, drawdown=0.0000, volatility=0.0102
2025-03-15 11:50:39,483 - adaptive_risk_allocation - INFO - Cập nhật hiệu suất ultra_conservative: daily_return=0.0105, drawdown=0.0000, volatility=0.0010
2025-03-15 11:50:39,483 - adaptive_risk_allocation - INFO - Cập nhật hiệu suất conservative: daily_return=0.0119, drawdown=0.0000, volatility=0.0006
2025-03-15 11:50:39,483 - adaptive_risk_allocation - INFO - Cập nhật hiệu suất moderate: daily_return=0.0144, drawdown=0.0000, volatility=0.0025
2025-03-15 11:50:39,483 - adaptive_risk_allocation - INFO - Cập nhật hiệu suất aggressive: daily_return=0.0180, drawdown=0.0000, volatility=0.0038
2025-03-15 11:50:39,483 - adaptive_risk_allocation - INFO - Cập nhật hiệu suất high_risk: daily_return=0.0146, drawdown=0.0000, volatility=0.0026
2025-03-15 11:50:39,483 - adaptive_risk_allocation - INFO - Cập nhật hiệu suất extreme_risk: daily_return=0.0185, drawdown=0.0000, volatility=0.0072
2025-03-15 11:50:39,484 - adaptive_risk_allocation - INFO - Cập nhật hiệu suất ultra_high_risk: daily_return=0.0114, drawdown=0.0000, volatility=0.0108
2025-03-15 11:50:39,484 - adaptive_risk_allocation - INFO - Cập nhật hiệu suất ultra_conservative: daily_return=0.0101, drawdown=0.0000, volatility=0.0010
2025-03-15 11:50:39,484 - adaptive_risk_allocation - INFO - Cập nhật hiệu suất conservative: daily_return=0.0141, drawdown=0.0000, volatility=0.0008
2025-03-15 11:50:39,484 - adaptive_risk_allocation - INFO - Cập nhật hiệu suất moderate: daily_return=0.0173, drawdown=0.0000, volatility=0.0029
2025-03-15 11:50:39,484 - adaptive_risk_allocation - INFO - Cập nhật hiệu suất aggressive: daily_return=0.0142, drawdown=0.0000, volatility=0.0036
2025-03-15 11:50:39,485 - adaptive_risk_allocation - INFO - Cập nhật hiệu suất high_risk: daily_return=0.0235, drawdown=0.0000, volatility=0.0032
2025-03-15 11:50:39,485 - adaptive_risk_allocation - INFO - Cập nhật hiệu suất extreme_risk: daily_return=0.0229, drawdown=0.0000, volatility=0.0069
2025-03-15 11:50:39,485 - adaptive_risk_allocation - INFO - Cập nhật hiệu suất ultra_high_risk: daily_return=0.0160, drawdown=0.0000, volatility=0.0107
2025-03-15 11:50:39,485 - adaptive_risk_allocation - INFO - Cập nhật hiệu suất ultra_conservative: daily_return=0.0007, drawdown=0.0000, volatility=0.0030
2025-03-15 11:50:39,485 - adaptive_risk_allocation - INFO - Cập nhật hiệu suất conservative: daily_return=0.0046, drawdown=0.0000, volatility=0.0024
2025-03-15 11:50:39,486 - adaptive_risk_allocation - INFO - Cập nhật hiệu suất moderate: daily_return=-0.0002, drawdown=0.0008, volatility=0.0045
2025-03-15 11:50:39,486 - adaptive_risk_allocation - INFO - Cập nhật hiệu suất aggressive: daily_return=0.0084, drawdown=0.0000, volatility=0.0039
2025-03-15 11:50:39,486 - adaptive_risk_allocation - INFO - Cập nhật hiệu suất high_risk: daily_return=-0.0236, drawdown=0.1179, volatility=0.0121
2025-03-15 11:50:39,486 - adaptive_risk_allocation - INFO - Cập nhật hiệu suất extreme_risk: daily_return=0.0099, drawdown=0.0000, volatility=0.0071
2025-03-15 11:50:39,486 - adaptive_risk_allocation - INFO - Cập nhật hiệu suất ultra_high_risk: daily_return=0.0013, drawdown=0.0000, volatility=0.0122
2025-03-15 11:50:39,486 - adaptive_risk_allocation - INFO - Cập nhật hiệu suất ultra_conservative: daily_return=-0.0005, drawdown=0.0027, volatility=0.0041
2025-03-15 11:50:39,487 - adaptive_risk_allocation - INFO - Cập nhật hiệu suất conservative: daily_return=0.0003, drawdown=0.0000, volatility=0.0039
2025-03-15 11:50:39,487 - adaptive_risk_allocation - INFO - Cập nhật hiệu suất moderate: daily_return=-0.0083, drawdown=0.0417, volatility=0.0069
2025-03-15 11:50:39,487 - adaptive_risk_allocation - INFO - Cập nhật hiệu suất aggressive: daily_return=-0.0012, drawdown=0.0059, volatility=0.0057
2025-03-15 11:50:39,487 - adaptive_risk_allocation - INFO - Cập nhật hiệu suất high_risk: daily_return=0.0032, drawdown=0.1179, volatility=0.0119
2025-03-15 11:50:39,487 - adaptive_risk_allocation - INFO - Cập nhật hiệu suất extreme_risk: daily_return=0.0177, drawdown=0.0000, volatility=0.0068
2025-03-15 11:50:39,487 - adaptive_risk_allocation - INFO - Cập nhật hiệu suất ultra_high_risk: daily_return=-0.0078, drawdown=0.0389, volatility=0.0143
2025-03-15 11:50:39,488 - adaptive_risk_allocation - INFO - Cập nhật hiệu suất ultra_conservative: daily_return=-0.0015, drawdown=0.0073, volatility=0.0048
2025-03-15 11:50:39,488 - adaptive_risk_allocation - INFO - Cập nhật hiệu suất conservative: daily_return=-0.0015, drawdown=0.0075, volatility=0.0049
2025-03-15 11:50:39,488 - adaptive_risk_allocation - INFO - Cập nhật hiệu suất moderate: daily_return=0.0038, drawdown=0.0417, volatility=0.0068
2025-03-15 11:50:39,488 - adaptive_risk_allocation - INFO - Cập nhật hiệu suất aggressive: daily_return=0.0018, drawdown=0.0059, volatility=0.0062
2025-03-15 11:50:39,488 - adaptive_risk_allocation - INFO - Cập nhật hiệu suất high_risk: daily_return=-0.0048, drawdown=0.1179, volatility=0.0124
2025-03-15 11:50:39,488 - adaptive_risk_allocation - INFO - Cập nhật hiệu suất extreme_risk: daily_return=0.0062, drawdown=0.0000, volatility=0.0073
2025-03-15 11:50:39,489 - adaptive_risk_allocation - INFO - Cập nhật hiệu suất ultra_high_risk: daily_return=0.0015, drawdown=0.0389, volatility=0.0146
2025-03-15 11:50:39,489 - adaptive_risk_allocation - INFO - Cập nhật hiệu suất ultra_conservative: daily_return=0.0017, drawdown=0.0073, volatility=0.0049
2025-03-15 11:50:39,489 - adaptive_risk_allocation - INFO - Cập nhật hiệu suất conservative: daily_return=-0.0021, drawdown=0.0105, volatility=0.0057
2025-03-15 11:50:39,489 - adaptive_risk_allocation - INFO - Cập nhật hiệu suất moderate: daily_return=-0.0014, drawdown=0.0417, volatility=0.0071
2025-03-15 11:50:39,489 - adaptive_risk_allocation - INFO - Cập nhật hiệu suất aggressive: daily_return=-0.0021, drawdown=0.0106, volatility=0.0070
2025-03-15 11:50:39,489 - adaptive_risk_allocation - INFO - Cập nhật hiệu suất high_risk: daily_return=-0.0132, drawdown=0.1179, volatility=0.0135
2025-03-15 11:50:39,489 - adaptive_risk_allocation - INFO - Cập nhật hiệu suất extreme_risk: daily_return=0.0036, drawdown=0.0000, volatility=0.0079
2025-03-15 11:50:39,490 - adaptive_risk_allocation - INFO - Cập nhật hiệu suất ultra_high_risk: daily_return=0.0039, drawdown=0.0389, volatility=0.0146
2025-03-15 11:50:39,490 - adaptive_risk_allocation - INFO - Cập nhật hiệu suất ultra_conservative: daily_return=0.0000, drawdown=0.0073, volatility=0.0051
2025-03-15 11:50:39,490 - adaptive_risk_allocation - INFO - Cập nhật hiệu suất conservative: daily_return=-0.0007, drawdown=0.0105, volatility=0.0060
2025-03-15 11:50:39,490 - adaptive_risk_allocation - INFO - Cập nhật hiệu suất moderate: daily_return=-0.0059, drawdown=0.0417, volatility=0.0078
2025-03-15 11:50:39,490 - adaptive_risk_allocation - INFO - Cập nhật hiệu suất aggressive: daily_return=-0.0023, drawdown=0.0114, volatility=0.0075
2025-03-15 11:50:39,491 - adaptive_risk_allocation - INFO - Cập nhật hiệu suất high_risk: daily_return=-0.0031, drawdown=0.1179, volatility=0.0134
2025-03-15 11:50:39,491 - adaptive_risk_allocation - INFO - Cập nhật hiệu suất extreme_risk: daily_return=-0.0096, drawdown=0.0481, volatility=0.0101
2025-03-15 11:50:39,491 - adaptive_risk_allocation - INFO - Cập nhật hiệu suất ultra_high_risk: daily_return=-0.0024, drawdown=0.0389, volatility=0.0149
2025-03-15 11:50:39,491 - adaptive_risk_allocation - INFO - Cập nhật hiệu suất ultra_conservative: daily_return=0.0007, drawdown=0.0073, volatility=0.0052
2025-03-15 11:50:39,491 - adaptive_risk_allocation - INFO - Cập nhật hiệu suất conservative: daily_return=0.0057, drawdown=0.0105, volatility=0.0058
2025-03-15 11:50:39,491 - adaptive_risk_allocation - INFO - Cập nhật hiệu suất moderate: daily_return=0.0007, drawdown=0.0417, volatility=0.0077
2025-03-15 11:50:39,492 - adaptive_risk_allocation - INFO - Cập nhật hiệu suất aggressive: daily_return=0.0014, drawdown=0.0114, volatility=0.0076
2025-03-15 11:50:39,492 - adaptive_risk_allocation - INFO - Cập nhật hiệu suất high_risk: daily_return=-0.0007, drawdown=0.1179, volatility=0.0131
2025-03-15 11:50:39,492 - adaptive_risk_allocation - INFO - Cập nhật hiệu suất extreme_risk: daily_return=-0.0230, drawdown=0.1151, volatility=0.0134
2025-03-15 11:50:39,492 - adaptive_risk_allocation - INFO - Cập nhật hiệu suất ultra_high_risk: daily_return=-0.0004, drawdown=0.0389, volatility=0.0150
2025-03-15 11:50:39,492 - adaptive_risk_allocation - INFO - Cập nhật hiệu suất ultra_conservative: daily_return=0.0001, drawdown=0.0073, volatility=0.0053
2025-03-15 11:50:39,492 - adaptive_risk_allocation - INFO - Cập nhật hiệu suất conservative: daily_return=0.0074, drawdown=0.0105, volatility=0.0056
2025-03-15 11:50:39,493 - adaptive_risk_allocation - INFO - Cập nhật hiệu suất moderate: daily_return=-0.0008, drawdown=0.0417, volatility=0.0077
2025-03-15 11:50:39,493 - adaptive_risk_allocation - INFO - Cập nhật hiệu suất aggressive: daily_return=0.0016, drawdown=0.0114, volatility=0.0076
2025-03-15 11:50:39,493 - adaptive_risk_allocation - INFO - Cập nhật hiệu suất high_risk: daily_return=-0.0003, drawdown=0.1179, volatility=0.0129
2025-03-15 11:50:39,493 - adaptive_risk_allocation - INFO - Cập nhật hiệu suất extreme_risk: daily_return=-0.0140, drawdown=0.1151, volatility=0.0144
2025-03-15 11:50:39,493 - adaptive_risk_allocation - INFO - Cập nhật hiệu suất ultra_high_risk: daily_return=0.0171, drawdown=0.0389, volatility=0.0146
2025-03-15 11:50:39,494 - adaptive_risk_allocation - INFO - Cập nhật hiệu suất ultra_conservative: daily_return=0.0014, drawdown=0.0073, volatility=0.0053
2025-03-15 11:50:39,494 - adaptive_risk_allocation - INFO - Cập nhật hiệu suất conservative: daily_return=0.0024, drawdown=0.0105, volatility=0.0056
2025-03-15 11:50:39,494 - adaptive_risk_allocation - INFO - Cập nhật hiệu suất moderate: daily_return=-0.0038, drawdown=0.0417, volatility=0.0078
2025-03-15 11:50:39,494 - adaptive_risk_allocation - INFO - Cập nhật hiệu suất aggressive: daily_return=0.0076, drawdown=0.0114, volatility=0.0074
2025-03-15 11:50:39,494 - adaptive_risk_allocation - INFO - Cập nhật hiệu suất high_risk: daily_return=-0.0126, drawdown=0.1179, volatility=0.0134
2025-03-15 11:50:39,494 - adaptive_risk_allocation - INFO - Cập nhật hiệu suất extreme_risk: daily_return=0.0070, drawdown=0.1151, volatility=0.0140
2025-03-15 11:50:39,494 - adaptive_risk_allocation - INFO - Cập nhật hiệu suất ultra_high_risk: daily_return=0.0329, drawdown=0.0389, volatility=0.0147
2025-03-15 11:50:39,495 - adaptive_risk_allocation - INFO - Cập nhật hiệu suất ultra_conservative: daily_return=-0.0018, drawdown=0.0089, volatility=0.0054
2025-03-15 11:50:39,495 - adaptive_risk_allocation - INFO - Cập nhật hiệu suất conservative: daily_return=-0.0017, drawdown=0.0105, volatility=0.0059
2025-03-15 11:50:39,495 - adaptive_risk_allocation - INFO - Cập nhật hiệu suất moderate: daily_return=0.0004, drawdown=0.0417, volatility=0.0077
2025-03-15 11:50:39,495 - adaptive_risk_allocation - INFO - Cập nhật hiệu suất aggressive: daily_return=-0.0027, drawdown=0.0136, volatility=0.0077
2025-03-15 11:50:39,495 - adaptive_risk_allocation - INFO - Cập nhật hiệu suất high_risk: daily_return=-0.0140, drawdown=0.1179, volatility=0.0138
2025-03-15 11:50:39,496 - adaptive_risk_allocation - INFO - Cập nhật hiệu suất extreme_risk: daily_return=0.0008, drawdown=0.1151, volatility=0.0138
2025-03-15 11:50:39,496 - adaptive_risk_allocation - INFO - Cập nhật hiệu suất ultra_high_risk: daily_return=-0.0159, drawdown=0.0797, volatility=0.0160
2025-03-15 11:50:39,496 - adaptive_risk_allocation - INFO - Cập nhật hiệu suất ultra_conservative: daily_return=0.0009, drawdown=0.0089, volatility=0.0054
2025-03-15 11:50:39,496 - adaptive_risk_allocation - INFO - Cập nhật hiệu suất conservative: daily_return=-0.0028, drawdown=0.0138, volatility=0.0061
2025-03-15 11:50:39,496 - adaptive_risk_allocation - INFO - Cập nhật hiệu suất moderate: daily_return=0.0065, drawdown=0.0417, volatility=0.0075
2025-03-15 11:50:39,496 - adaptive_risk_allocation - INFO - Cập nhật hiệu suất aggressive: daily_return=-0.0042, drawdown=0.0211, volatility=0.0080
2025-03-15 11:50:39,497 - adaptive_risk_allocation - INFO - Cập nhật hiệu suất high_risk: daily_return=-0.0029, drawdown=0.1179, volatility=0.0136
2025-03-15 11:50:39,497 - adaptive_risk_allocation - INFO - Cập nhật hiệu suất extreme_risk: daily_return=0.0098, drawdown=0.1151, volatility=0.0135
2025-03-15 11:50:39,497 - adaptive_risk_allocation - INFO - Cập nhật hiệu suất ultra_high_risk: daily_return=-0.0185, drawdown=0.0923, volatility=0.0172
2025-03-15 11:50:39,497 - adaptive_risk_allocation - INFO - Cập nhật hiệu suất ultra_conservative: daily_return=-0.0112, drawdown=0.0561, volatility=0.0063
2025-03-15 11:50:39,497 - adaptive_risk_allocation - INFO - Cập nhật hiệu suất conservative: daily_return=-0.0099, drawdown=0.0494, volatility=0.0070
2025-03-15 11:50:39,497 - adaptive_risk_allocation - INFO - Cập nhật hiệu suất moderate: daily_return=-0.0180, drawdown=0.0900, volatility=0.0089
2025-03-15 11:50:39,498 - adaptive_risk_allocation - INFO - Cập nhật hiệu suất aggressive: daily_return=-0.0138, drawdown=0.0692, volatility=0.0090
2025-03-15 11:50:39,498 - adaptive_risk_allocation - INFO - Cập nhật hiệu suất high_risk: daily_return=-0.0159, drawdown=0.1179, volatility=0.0140
2025-03-15 11:50:39,498 - adaptive_risk_allocation - INFO - Cập nhật hiệu suất extreme_risk: daily_return=-0.0137, drawdown=0.1151, volatility=0.0141
2025-03-15 11:50:39,498 - adaptive_risk_allocation - INFO - Cập nhật hiệu suất ultra_high_risk: daily_return=-0.0349, drawdown=0.1743, volatility=0.0196
2025-03-15 11:50:39,498 - adaptive_risk_allocation - INFO - Cập nhật hiệu suất ultra_conservative: daily_return=-0.0131, drawdown=0.0654, volatility=0.0072
2025-03-15 11:50:39,498 - adaptive_risk_allocation - INFO - Cập nhật hiệu suất conservative: daily_return=-0.0115, drawdown=0.0573, volatility=0.0077
2025-03-15 11:50:39,499 - adaptive_risk_allocation - INFO - Cập nhật hiệu suất moderate: daily_return=-0.0127, drawdown=0.0900, volatility=0.0094
2025-03-15 11:50:39,499 - adaptive_risk_allocation - INFO - Cập nhật hiệu suất aggressive: daily_return=-0.0136, drawdown=0.0692, volatility=0.0098
2025-03-15 11:50:39,499 - adaptive_risk_allocation - INFO - Cập nhật hiệu suất high_risk: daily_return=-0.0154, drawdown=0.1179, volatility=0.0142
2025-03-15 11:50:39,499 - adaptive_risk_allocation - INFO - Cập nhật hiệu suất extreme_risk: daily_return=-0.0254, drawdown=0.1272, volatility=0.0155
2025-03-15 11:50:39,499 - adaptive_risk_allocation - INFO - Cập nhật hiệu suất ultra_high_risk: daily_return=-0.0202, drawdown=0.1743, volatility=0.0202
2025-03-15 11:50:39,499 - adaptive_risk_allocation - INFO - Cập nhật hiệu suất ultra_conservative: daily_return=-0.0111, drawdown=0.0654, volatility=0.0077
2025-03-15 11:50:39,500 - adaptive_risk_allocation - INFO - Cập nhật hiệu suất conservative: daily_return=-0.0139, drawdown=0.0696, volatility=0.0085
2025-03-15 11:50:39,500 - adaptive_risk_allocation - INFO - Cập nhật hiệu suất moderate: daily_return=-0.0083, drawdown=0.0900, volatility=0.0096
2025-03-15 11:50:39,500 - adaptive_risk_allocation - INFO - Cập nhật hiệu suất aggressive: daily_return=-0.0128, drawdown=0.0692, volatility=0.0103
2025-03-15 11:50:39,500 - adaptive_risk_allocation - INFO - Cập nhật hiệu suất high_risk: daily_return=-0.0246, drawdown=0.1232, volatility=0.0150
2025-03-15 11:50:39,500 - adaptive_risk_allocation - INFO - Cập nhật hiệu suất extreme_risk: daily_return=-0.0147, drawdown=0.1272, volatility=0.0159
2025-03-15 11:50:39,500 - adaptive_risk_allocation - INFO - Cập nhật hiệu suất ultra_high_risk: daily_return=-0.0322, drawdown=0.1743, volatility=0.0215
2025-03-15 11:50:39,501 - adaptive_risk_allocation - INFO - Cập nhật hiệu suất ultra_conservative: daily_return=-0.0106, drawdown=0.0654, volatility=0.0080
2025-03-15 11:50:39,501 - adaptive_risk_allocation - INFO - Cập nhật hiệu suất conservative: daily_return=-0.0102, drawdown=0.0696, volatility=0.0088
2025-03-15 11:50:39,501 - adaptive_risk_allocation - INFO - Cập nhật hiệu suất moderate: daily_return=-0.0158, drawdown=0.0900, volatility=0.0101
2025-03-15 11:50:39,501 - adaptive_risk_allocation - INFO - Cập nhật hiệu suất aggressive: daily_return=-0.0110, drawdown=0.0692, volatility=0.0106
2025-03-15 11:50:39,501 - adaptive_risk_allocation - INFO - Cập nhật hiệu suất high_risk: daily_return=-0.0150, drawdown=0.1232, volatility=0.0151
2025-03-15 11:50:39,501 - adaptive_risk_allocation - INFO - Cập nhật hiệu suất extreme_risk: daily_return=-0.0134, drawdown=0.1272, volatility=0.0160
2025-03-15 11:50:39,502 - adaptive_risk_allocation - INFO - Cập nhật hiệu suất ultra_high_risk: daily_return=-0.0035, drawdown=0.1743, volatility=0.0211
2025-03-15 11:50:39,502 - adaptive_risk_allocation - INFO - Cập nhật hiệu suất ultra_conservative: daily_return=-0.0118, drawdown=0.0654, volatility=0.0083
2025-03-15 11:50:39,502 - adaptive_risk_allocation - INFO - Cập nhật hiệu suất conservative: daily_return=-0.0140, drawdown=0.0700, volatility=0.0093
2025-03-15 11:50:39,502 - adaptive_risk_allocation - INFO - Cập nhật hiệu suất moderate: daily_return=-0.0160, drawdown=0.0900, volatility=0.0105
2025-03-15 11:50:39,502 - adaptive_risk_allocation - INFO - Cập nhật hiệu suất aggressive: daily_return=-0.0174, drawdown=0.0872, volatility=0.0112
2025-03-15 11:50:39,503 - adaptive_risk_allocation - INFO - Cập nhật hiệu suất high_risk: daily_return=-0.0180, drawdown=0.1232, volatility=0.0152
2025-03-15 11:50:39,503 - adaptive_risk_allocation - INFO - Cập nhật hiệu suất extreme_risk: daily_return=-0.0173, drawdown=0.1272, volatility=0.0163
2025-03-15 11:50:39,503 - adaptive_risk_allocation - INFO - Cập nhật hiệu suất ultra_high_risk: daily_return=-0.0197, drawdown=0.1743, volatility=0.0214
2025-03-15 11:50:39,503 - adaptive_risk_allocation - INFO - Cập nhật hiệu suất ultra_conservative: daily_return=-0.0105, drawdown=0.0654, volatility=0.0085
2025-03-15 11:50:39,503 - adaptive_risk_allocation - INFO - Cập nhật hiệu suất conservative: daily_return=-0.0125, drawdown=0.0700, volatility=0.0096
2025-03-15 11:50:39,503 - adaptive_risk_allocation - INFO - Cập nhật hiệu suất moderate: daily_return=-0.0094, drawdown=0.0900, volatility=0.0106
2025-03-15 11:50:39,504 - adaptive_risk_allocation - INFO - Cập nhật hiệu suất aggressive: daily_return=-0.0155, drawdown=0.0872, volatility=0.0116
2025-03-15 11:50:39,504 - adaptive_risk_allocation - INFO - Cập nhật hiệu suất high_risk: daily_return=-0.0012, drawdown=0.1232, volatility=0.0150
2025-03-15 11:50:39,504 - adaptive_risk_allocation - INFO - Cập nhật hiệu suất extreme_risk: daily_return=-0.0150, drawdown=0.1272, volatility=0.0165
2025-03-15 11:50:39,504 - adaptive_risk_allocation - INFO - Cập nhật hiệu suất ultra_high_risk: daily_return=-0.0311, drawdown=0.1743, volatility=0.0221
2025-03-15 11:50:39,505 - adaptive_risk_allocation - INFO - Cập nhật hiệu suất ultra_conservative: daily_return=-0.0128, drawdown=0.0654, volatility=0.0088
2025-03-15 11:50:39,505 - adaptive_risk_allocation - INFO - Cập nhật hiệu suất conservative: daily_return=-0.0115, drawdown=0.0700, volatility=0.0098
2025-03-15 11:50:39,505 - adaptive_risk_allocation - INFO - Cập nhật hiệu suất moderate: daily_return=-0.0141, drawdown=0.0900, volatility=0.0108
2025-03-15 11:50:39,505 - adaptive_risk_allocation - INFO - Cập nhật hiệu suất aggressive: daily_return=-0.0119, drawdown=0.0872, volatility=0.0117
2025-03-15 11:50:39,505 - adaptive_risk_allocation - INFO - Cập nhật hiệu suất high_risk: daily_return=-0.0147, drawdown=0.1232, volatility=0.0149
2025-03-15 11:50:39,505 - adaptive_risk_allocation - INFO - Cập nhật hiệu suất extreme_risk: daily_return=-0.0206, drawdown=0.1272, volatility=0.0168
2025-03-15 11:50:39,506 - adaptive_risk_allocation - INFO - Cập nhật hiệu suất ultra_high_risk: daily_return=-0.0310, drawdown=0.1743, volatility=0.0227
2025-03-15 11:50:39,506 - adaptive_risk_allocation - INFO - Cập nhật hiệu suất ultra_conservative: daily_return=-0.0133, drawdown=0.0666, volatility=0.0090
2025-03-15 11:50:39,506 - adaptive_risk_allocation - INFO - Cập nhật hiệu suất conservative: daily_return=-0.0134, drawdown=0.0700, volatility=0.0100
2025-03-15 11:50:39,506 - adaptive_risk_allocation - INFO - Cập nhật hiệu suất moderate: daily_return=-0.0111, drawdown=0.0900, volatility=0.0108
2025-03-15 11:50:39,506 - adaptive_risk_allocation - INFO - Cập nhật hiệu suất aggressive: daily_return=-0.0137, drawdown=0.0872, volatility=0.0119
2025-03-15 11:50:39,506 - adaptive_risk_allocation - INFO - Cập nhật hiệu suất high_risk: daily_return=-0.0250, drawdown=0.1249, volatility=0.0154
2025-03-15 11:50:39,507 - adaptive_risk_allocation - INFO - Cập nhật hiệu suất extreme_risk: daily_return=-0.0186, drawdown=0.1272, volatility=0.0170
2025-03-15 11:50:39,507 - adaptive_risk_allocation - INFO - Cập nhật hiệu suất ultra_high_risk: daily_return=-0.0186, drawdown=0.1743, volatility=0.0227
2025-03-15 11:50:39,507 - adaptive_risk_allocation - INFO - Cập nhật hiệu suất ultra_conservative: daily_return=-0.0126, drawdown=0.0666, volatility=0.0092
2025-03-15 11:50:39,507 - adaptive_risk_allocation - INFO - Cập nhật hiệu suất conservative: daily_return=-0.0122, drawdown=0.0700, volatility=0.0101
2025-03-15 11:50:39,507 - adaptive_risk_allocation - INFO - Cập nhật hiệu suất moderate: daily_return=-0.0133, drawdown=0.0900, volatility=0.0109
2025-03-15 11:50:39,507 - adaptive_risk_allocation - INFO - Cập nhật hiệu suất aggressive: daily_return=-0.0186, drawdown=0.0931, volatility=0.0122
2025-03-15 11:50:39,508 - adaptive_risk_allocation - INFO - Cập nhật hiệu suất high_risk: daily_return=-0.0154, drawdown=0.1249, volatility=0.0153
2025-03-15 11:50:39,508 - adaptive_risk_allocation - INFO - Cập nhật hiệu suất extreme_risk: daily_return=-0.0155, drawdown=0.1272, volatility=0.0170
2025-03-15 11:50:39,508 - adaptive_risk_allocation - INFO - Cập nhật hiệu suất ultra_high_risk: daily_return=-0.0117, drawdown=0.1743, volatility=0.0224
2025-03-15 11:50:39,508 - adaptive_risk_allocation - INFO - Cập nhật hiệu suất ultra_conservative: daily_return=-0.0102, drawdown=0.0666, volatility=0.0092
2025-03-15 11:50:39,508 - adaptive_risk_allocation - INFO - Cập nhật hiệu suất conservative: daily_return=-0.0153, drawdown=0.0763, volatility=0.0104
2025-03-15 11:50:39,508 - adaptive_risk_allocation - INFO - Cập nhật hiệu suất moderate: daily_return=-0.0161, drawdown=0.0900, volatility=0.0111
2025-03-15 11:50:39,509 - adaptive_risk_allocation - INFO - Cập nhật hiệu suất aggressive: daily_return=-0.0126, drawdown=0.0931, volatility=0.0123
2025-03-15 11:50:39,509 - adaptive_risk_allocation - INFO - Cập nhật hiệu suất high_risk: daily_return=-0.0144, drawdown=0.1249, volatility=0.0153
2025-03-15 11:50:39,509 - adaptive_risk_allocation - INFO - Cập nhật hiệu suất extreme_risk: daily_return=-0.0159, drawdown=0.1272, volatility=0.0170
2025-03-15 11:50:39,509 - adaptive_risk_allocation - INFO - Cập nhật hiệu suất ultra_high_risk: daily_return=0.0160, drawdown=0.1743, volatility=0.0222
2025-03-15 11:50:39,510 - adaptive_risk_allocation - INFO - Đã lưu trạng thái vào risk_allocation_state.json
2025-03-15 16:25:48,138 - market_analyzer - INFO - Đã import thành công các thư viện phân tích
