Wed 05 Mar 2025 10:18:26 AM UTC - ===== BẮT ĐẦU AUTO RECOVERY =====
Wed 05 Mar 2025 10:18:26 AM UTC - Kiểm tra Telegram WatchDog...
Wed 05 Mar 2025 10:18:26 AM UTC - Khởi động Telegram WatchDog
Wed 05 Mar 2025 10:18:26 AM UTC - Telegram WatchDog đã được khởi động với PID 1068
Wed 05 Mar 2025 10:18:26 AM UTC - Kiểm tra và khởi động script định kỳ kiểm tra hệ thống...
Wed 05 Mar 2025 10:18:26 AM UTC - Khởi động Watchdog Runner...
Wed 05 Mar 2025 10:18:26 AM UTC - Watchdog Runner đã được khởi động với PID 1080
Wed 05 Mar 2025 10:18:26 AM UTC - Khởi động Market Updater...
Wed 05 Mar 2025 10:18:26 AM UTC - Market Updater đã được khởi động
Wed 05 Mar 2025 10:18:26 AM UTC - Kiểm tra Flask App...
Wed 05 Mar 2025 10:18:26 AM UTC - Flask App đã đang chạy
Wed 05 Mar 2025 10:18:26 AM UTC - Kiểm tra trạng thái Bot...
Wed 05 Mar 2025 10:18:26 AM UTC - Bot cập nhật lần cuối: 2025-03-05 05:30:10
Wed 05 Mar 2025 10:18:26 AM UTC - CẢNH BÁO: Bot không cập nhật trạng thái trong 5 phút qua!
Wed 05 Mar 2025 10:18:26 AM UTC - Khởi động lại Bot...
Wed 05 Mar 2025 10:18:26 AM UTC - Kiểm tra Flask App...
Wed 05 Mar 2025 10:18:26 AM UTC - Flask App đã đang chạy
Wed 05 Mar 2025 10:18:26 AM UTC - Kiểm tra vị thế đang mở...
Wed 05 Mar 2025 10:18:26 AM UTC - Số vị thế đang mở: 2
Wed 05 Mar 2025 10:18:26 AM UTC - CẢNH BÁO: File active_positions.json không được cập nhật trong 5 phút qua!
Wed 05 Mar 2025 10:18:26 AM UTC - Auto Recovery hoàn tất. Hệ thống đang chạy.
