[2025-03-09 12:37:11] ===== BẮT ĐẦU KHỞI ĐỘNG TỰ ĐỘNG DỊCH VỤ =====
[2025-03-09 12:37:11] Thời gian bắt đầu: 2025-03-09 12:37:11
[2025-03-09 12:37:11] Đang cấp quyền thực thi cho tất cả script...
[2025-03-09 12:37:11] Đã cấp quyền thành công
[2025-03-09 12:37:11] Kiểm tra và khởi động dịch vụ giao dịch chính...
[2025-03-09 12:37:11] Khởi động dịch vụ giao dịch chính...
[2025-03-09 12:37:14] ✗ Không thể khởi động dịch vụ giao dịch chính
[2025-03-09 12:37:14] Kiểm tra và khởi động Auto SLTP Manager...
[2025-03-09 12:37:14] Khởi động Auto SLTP Manager...
[2025-03-09 12:37:19] ✓ Auto SLTP Manager đã khởi động thành công
[2025-03-09 12:37:19] Kiểm tra và khởi động Trailing Stop Service...
[2025-03-09 12:37:19] Khởi động Trailing Stop Service...
[2025-03-09 13:03:11] ===== BẮT ĐẦU KHỞI ĐỘNG TỰ ĐỘNG DỊCH VỤ =====
[2025-03-09 13:03:11] Thời gian bắt đầu: 2025-03-09 13:03:11
[2025-03-09 13:03:11] Đang cấp quyền thực thi cho tất cả script...
[2025-03-09 13:03:11] Đã cấp quyền thành công
[2025-03-09 13:03:11] Kiểm tra và khởi động dịch vụ giao dịch chính...
[2025-03-09 13:03:11] Khởi động dịch vụ giao dịch chính...
[2025-03-09 13:03:14] ✗ Không thể khởi động dịch vụ giao dịch chính
[2025-03-09 13:03:14] Kiểm tra và khởi động Auto SLTP Manager...
[2025-03-09 13:03:14] Khởi động Auto SLTP Manager...
[2025-03-09 13:03:19] ✓ Auto SLTP Manager đã khởi động thành công
[2025-03-09 13:03:19] Kiểm tra và khởi động Trailing Stop Service...
[2025-03-09 13:03:19] Khởi động Trailing Stop Service...
[2025-03-11 12:58:17] ===== BẮT ĐẦU KHỞI ĐỘNG TỰ ĐỘNG DỊCH VỤ =====
[2025-03-11 12:58:17] Thời gian bắt đầu: 2025-03-11 12:58:17
[2025-03-11 12:58:17] Đang cấp quyền thực thi cho tất cả script...
[2025-03-11 12:58:17] Đã cấp quyền thành công
[2025-03-11 12:58:17] Kiểm tra và khởi động dịch vụ giao dịch chính...
[2025-03-11 12:58:17] Khởi động dịch vụ giao dịch chính...
[2025-03-11 12:58:20] ✗ Không thể khởi động dịch vụ giao dịch chính
[2025-03-11 12:58:20] Kiểm tra và khởi động Auto SLTP Manager...
[2025-03-11 12:58:20] Khởi động Auto SLTP Manager...
[2025-03-11 12:58:25] ✓ Auto SLTP Manager đã khởi động thành công
[2025-03-11 12:58:25] Kiểm tra và khởi động Trailing Stop Service...
[2025-03-11 12:58:25] Khởi động Trailing Stop Service...
[2025-03-11 13:15:22] ===== BẮT ĐẦU KHỞI ĐỘNG TỰ ĐỘNG DỊCH VỤ =====
[2025-03-11 13:15:22] Thời gian bắt đầu: 2025-03-11 13:15:22
[2025-03-11 13:15:22] Đang cấp quyền thực thi cho tất cả script...
[2025-03-11 13:15:22] Đã cấp quyền thành công
[2025-03-11 13:15:22] Kiểm tra và khởi động dịch vụ giao dịch chính...
[2025-03-11 13:15:22] Khởi động dịch vụ giao dịch chính...
[2025-03-11 13:15:25] ✗ Không thể khởi động dịch vụ giao dịch chính
[2025-03-11 13:15:25] Kiểm tra và khởi động Auto SLTP Manager...
[2025-03-11 13:15:25] Khởi động Auto SLTP Manager...
[2025-03-11 13:15:30] ✓ Auto SLTP Manager đã khởi động thành công
[2025-03-11 13:15:30] Kiểm tra và khởi động Trailing Stop Service...
[2025-03-11 13:15:30] Khởi động Trailing Stop Service...
[2025-03-11 15:01:05] ===== BẮT ĐẦU KHỞI ĐỘNG TỰ ĐỘNG DỊCH VỤ =====
[2025-03-11 15:01:05] Thời gian bắt đầu: 2025-03-11 15:01:05
[2025-03-11 15:01:05] Đang cấp quyền thực thi cho tất cả script...
[2025-03-11 15:01:05] Đã cấp quyền thành công
[2025-03-11 15:01:05] Kiểm tra và khởi động dịch vụ giao dịch chính...
[2025-03-11 15:01:05] Khởi động dịch vụ giao dịch chính...
[2025-03-11 15:01:08] ✗ Không thể khởi động dịch vụ giao dịch chính
[2025-03-11 15:01:08] Kiểm tra và khởi động Auto SLTP Manager...
[2025-03-11 15:01:08] Khởi động Auto SLTP Manager...
[2025-03-11 15:01:13] ✓ Auto SLTP Manager đã khởi động thành công
[2025-03-11 15:01:13] Kiểm tra và khởi động Trailing Stop Service...
[2025-03-11 15:01:13] Khởi động Trailing Stop Service...
