2025-03-09 17:53:06,002 - complete_ml_pipeline - INFO - === Bắt đầu huấn luyện mô hình ML ===
2025-03-09 17:53:06,002 - complete_ml_pipeline - INFO - Running: Huấn luyện mô hình ML
2025-03-09 17:53:08,102 - complete_ml_pipeline - ERROR - Command failed with exit code 2: usage: enhanced_ml_trainer.py [-h] [--symbols SYMBOLS [SYMBOLS ...]]
                              [--intervals INTERVALS [INTERVALS ...]]
                              [--lookback LOOKBACK [LOOKBACK ...]]
                              [--target TARGET [TARGET ...]]
                              [--threshold THRESHOLD]
                              [--algorithms ALGORITHMS [ALGORITHMS ...]]
                              [--optimize] [--simulation] [--report-only]
enhanced_ml_trainer.py: error: unrecognized arguments: --data-dir real_data

2025-03-09 17:53:08,103 - complete_ml_pipeline - ERROR - Lỗi khi huấn luyện mô hình ML: Command 'python enhanced_ml_trainer.py --symbols BTCUSDT ETHUSDT --intervals 1h 4h --lookback 30 90 --target 1 3  --data-dir real_data' returned non-zero exit status 2.
2025-03-09 17:53:08,103 - complete_ml_pipeline - ERROR - Huấn luyện mô hình ML thất bại, dừng pipeline
2025-03-09 23:13:20,368 - complete_ml_pipeline - INFO - === Bắt đầu huấn luyện mô hình ML ===
2025-03-09 23:13:20,369 - complete_ml_pipeline - INFO - Running: Huấn luyện mô hình ML
2025-03-09 23:13:25,395 - complete_ml_pipeline - INFO - Command completed in 5.03 seconds with exit code 0
2025-03-09 23:13:25,396 - complete_ml_pipeline - INFO - Running: Tạo báo cáo tổng hợp
2025-03-09 23:13:28,710 - complete_ml_pipeline - INFO - Command completed in 3.31 seconds with exit code 0
2025-03-09 23:13:28,710 - complete_ml_pipeline - INFO - === Hoàn thành huấn luyện mô hình ML ===
2025-03-09 23:13:28,710 - complete_ml_pipeline - INFO - === Bắt đầu kiểm thử mô hình ML ===
2025-03-09 23:13:28,710 - complete_ml_pipeline - INFO - Running: So sánh các mô hình ML cho BTCUSDT 1h
