2025-03-17 01:00:21,609 - data_downloader_all - INFO - Đã tải cấu hình từ comprehensive_backtest_config.json
2025-03-17 01:00:21,609 - data_downloader_all - INFO - Chuẩn bị tải dữ liệu cho 7 symbols và 3 timeframes
2025-03-17 01:00:21,609 - data_downloader_all - INFO - Symbols: BTCUSDT, ETHUSDT, BNBUSDT, SOLUSDT, DOGEUSDT, ADAUSDT, XRPUSDT
2025-03-17 01:00:21,610 - data_downloader_all - INFO - Timeframes: 1h, 4h, 1d
2025-03-17 01:00:21,610 - data_downloader_all - INFO - Khoảng thời gian: 2024-02-01 đến 2024-03-15
2025-03-17 01:00:21,610 - data_downloader_all - INFO - Đang tải dữ liệu cho BTCUSDT (1h)...
2025-03-17 01:00:21,610 - data_downloader_all - INFO - Thực thi: python download_historical_data.py BTCUSDT 1h --start 2024-02-01 --end 2024-03-15
2025-03-17 01:00:24,343 - data_downloader_all - INFO - Tải thành công dữ liệu cho BTCUSDT (1h)
2025-03-17 01:00:24,344 - data_downloader_all - INFO - Tiến độ: 4.8% (1/21)
2025-03-17 01:00:25,344 - data_downloader_all - INFO - Đang tải dữ liệu cho BTCUSDT (4h)...
2025-03-17 01:00:25,344 - data_downloader_all - INFO - Thực thi: python download_historical_data.py BTCUSDT 4h --start 2024-02-01 --end 2024-03-15
2025-03-17 01:00:27,250 - data_downloader_all - INFO - Tải thành công dữ liệu cho BTCUSDT (4h)
2025-03-17 01:00:27,250 - data_downloader_all - INFO - Tiến độ: 9.5% (2/21)
2025-03-17 01:00:28,251 - data_downloader_all - INFO - Đang tải dữ liệu cho BTCUSDT (1d)...
2025-03-17 01:00:28,251 - data_downloader_all - INFO - Thực thi: python download_historical_data.py BTCUSDT 1d --start 2024-02-01 --end 2024-03-15
2025-03-17 01:00:30,412 - data_downloader_all - INFO - Tải thành công dữ liệu cho BTCUSDT (1d)
2025-03-17 01:00:30,413 - data_downloader_all - INFO - Tiến độ: 14.3% (3/21)
2025-03-17 01:00:31,413 - data_downloader_all - INFO - Đang tải dữ liệu cho ETHUSDT (1h)...
2025-03-17 01:00:31,413 - data_downloader_all - INFO - Thực thi: python download_historical_data.py ETHUSDT 1h --start 2024-02-01 --end 2024-03-15
2025-03-17 01:37:02,947 - data_downloader_all - INFO - Đã tải cấu hình từ comprehensive_backtest_config.json
2025-03-17 01:37:02,948 - data_downloader_all - INFO - Chuẩn bị tải dữ liệu cho 7 symbols và 3 timeframes
2025-03-17 01:37:02,948 - data_downloader_all - INFO - Symbols: BTCUSDT, ETHUSDT, BNBUSDT, SOLUSDT, DOGEUSDT, ADAUSDT, XRPUSDT
2025-03-17 01:37:02,948 - data_downloader_all - INFO - Timeframes: 1h, 4h, 1d
2025-03-17 01:37:02,948 - data_downloader_all - INFO - Khoảng thời gian: 2024-02-01 đến 2024-03-15
2025-03-17 01:37:02,948 - data_downloader_all - INFO - Đang tải dữ liệu cho BTCUSDT (1h)...
2025-03-17 01:37:02,948 - data_downloader_all - INFO - Thực thi: python download_historical_data.py BTCUSDT 1h --start 2024-02-01 --end 2024-03-15
2025-03-17 01:37:08,881 - data_downloader_all - INFO - Tải thành công dữ liệu cho BTCUSDT (1h)
2025-03-17 01:37:08,881 - data_downloader_all - INFO - Tiến độ: 4.8% (1/21)
2025-03-17 01:37:09,881 - data_downloader_all - INFO - Đang tải dữ liệu cho BTCUSDT (4h)...
2025-03-17 01:37:09,882 - data_downloader_all - INFO - Thực thi: python download_historical_data.py BTCUSDT 4h --start 2024-02-01 --end 2024-03-15
2025-03-17 01:37:11,866 - data_downloader_all - INFO - Tải thành công dữ liệu cho BTCUSDT (4h)
2025-03-17 01:37:11,866 - data_downloader_all - INFO - Tiến độ: 9.5% (2/21)
2025-03-17 01:37:12,866 - data_downloader_all - INFO - Đang tải dữ liệu cho BTCUSDT (1d)...
2025-03-17 01:37:12,867 - data_downloader_all - INFO - Thực thi: python download_historical_data.py BTCUSDT 1d --start 2024-02-01 --end 2024-03-15
