2025-03-09 14:31:07,905 - multi_coin_risk_analyzer - INFO - Bắt đầu phân tích hiệu suất đa coin theo mức rủi ro
2025-03-09 14:31:07,905 - multi_coin_risk_analyzer - WARNING - Không tìm thấy kết quả cho BTCUSDT 1h với mức rủi ro 10.0%
2025-03-09 14:31:07,905 - multi_coin_risk_analyzer - WARNING - Không tìm thấy kết quả cho BTCUSDT 1h với mức rủi ro 15.0%
2025-03-09 14:31:07,906 - multi_coin_risk_analyzer - WARNING - Không tìm thấy kết quả cho BTCUSDT 1h với mức rủi ro 20.0%
2025-03-09 14:31:07,906 - multi_coin_risk_analyzer - WARNING - Không tìm thấy kết quả cho BTCUSDT 1h với mức rủi ro 30.0%
2025-03-09 14:31:07,906 - multi_coin_risk_analyzer - WARNING - Không tìm thấy kết quả cho BTCUSDT 4h với mức rủi ro 10.0%
2025-03-09 14:31:07,906 - multi_coin_risk_analyzer - WARNING - Không tìm thấy kết quả cho BTCUSDT 4h với mức rủi ro 15.0%
2025-03-09 14:31:07,906 - multi_coin_risk_analyzer - WARNING - Không tìm thấy kết quả cho BTCUSDT 4h với mức rủi ro 20.0%
2025-03-09 14:31:07,906 - multi_coin_risk_analyzer - WARNING - Không tìm thấy kết quả cho BTCUSDT 4h với mức rủi ro 30.0%
2025-03-09 14:31:07,906 - multi_coin_risk_analyzer - WARNING - Không tìm thấy kết quả cho BTCUSDT 1d với mức rủi ro 10.0%
2025-03-09 14:31:07,906 - multi_coin_risk_analyzer - WARNING - Không tìm thấy kết quả cho BTCUSDT 1d với mức rủi ro 15.0%
2025-03-09 14:31:07,906 - multi_coin_risk_analyzer - WARNING - Không tìm thấy kết quả cho BTCUSDT 1d với mức rủi ro 20.0%
2025-03-09 14:31:07,906 - multi_coin_risk_analyzer - WARNING - Không tìm thấy kết quả cho BTCUSDT 1d với mức rủi ro 30.0%
2025-03-09 14:31:07,907 - multi_coin_risk_analyzer - WARNING - Không tìm thấy kết quả cho ETHUSDT 1h với mức rủi ro 10.0%
2025-03-09 14:31:07,907 - multi_coin_risk_analyzer - WARNING - Không tìm thấy kết quả cho ETHUSDT 1h với mức rủi ro 15.0%
2025-03-09 14:31:07,907 - multi_coin_risk_analyzer - WARNING - Không tìm thấy kết quả cho ETHUSDT 1h với mức rủi ro 20.0%
2025-03-09 14:31:07,907 - multi_coin_risk_analyzer - WARNING - Không tìm thấy kết quả cho ETHUSDT 1h với mức rủi ro 30.0%
2025-03-09 14:31:07,907 - multi_coin_risk_analyzer - WARNING - Không tìm thấy kết quả cho ETHUSDT 4h với mức rủi ro 10.0%
2025-03-09 14:31:07,907 - multi_coin_risk_analyzer - WARNING - Không tìm thấy kết quả cho ETHUSDT 4h với mức rủi ro 15.0%
2025-03-09 14:31:07,907 - multi_coin_risk_analyzer - WARNING - Không tìm thấy kết quả cho ETHUSDT 4h với mức rủi ro 20.0%
2025-03-09 14:31:07,907 - multi_coin_risk_analyzer - WARNING - Không tìm thấy kết quả cho ETHUSDT 4h với mức rủi ro 30.0%
2025-03-09 14:31:07,907 - multi_coin_risk_analyzer - WARNING - Không tìm thấy kết quả cho ETHUSDT 1d với mức rủi ro 10.0%
2025-03-09 14:31:07,908 - multi_coin_risk_analyzer - WARNING - Không tìm thấy kết quả cho ETHUSDT 1d với mức rủi ro 15.0%
2025-03-09 14:31:07,908 - multi_coin_risk_analyzer - WARNING - Không tìm thấy kết quả cho ETHUSDT 1d với mức rủi ro 20.0%
2025-03-09 14:31:07,908 - multi_coin_risk_analyzer - WARNING - Không tìm thấy kết quả cho ETHUSDT 1d với mức rủi ro 30.0%
2025-03-09 14:31:07,908 - multi_coin_risk_analyzer - WARNING - Không tìm thấy kết quả cho BNBUSDT 1h với mức rủi ro 10.0%
2025-03-09 14:31:07,908 - multi_coin_risk_analyzer - WARNING - Không tìm thấy kết quả cho BNBUSDT 1h với mức rủi ro 15.0%
2025-03-09 14:31:07,908 - multi_coin_risk_analyzer - WARNING - Không tìm thấy kết quả cho BNBUSDT 1h với mức rủi ro 20.0%
2025-03-09 14:31:07,908 - multi_coin_risk_analyzer - WARNING - Không tìm thấy kết quả cho BNBUSDT 1h với mức rủi ro 30.0%
2025-03-09 14:31:07,908 - multi_coin_risk_analyzer - WARNING - Không tìm thấy kết quả cho BNBUSDT 4h với mức rủi ro 10.0%
2025-03-09 14:31:07,908 - multi_coin_risk_analyzer - WARNING - Không tìm thấy kết quả cho BNBUSDT 4h với mức rủi ro 15.0%
2025-03-09 14:31:07,909 - multi_coin_risk_analyzer - WARNING - Không tìm thấy kết quả cho BNBUSDT 4h với mức rủi ro 20.0%
2025-03-09 14:31:07,909 - multi_coin_risk_analyzer - WARNING - Không tìm thấy kết quả cho BNBUSDT 4h với mức rủi ro 30.0%
2025-03-09 14:31:07,909 - multi_coin_risk_analyzer - WARNING - Không tìm thấy kết quả cho BNBUSDT 1d với mức rủi ro 10.0%
2025-03-09 14:31:07,909 - multi_coin_risk_analyzer - WARNING - Không tìm thấy kết quả cho BNBUSDT 1d với mức rủi ro 15.0%
2025-03-09 14:31:07,909 - multi_coin_risk_analyzer - WARNING - Không tìm thấy kết quả cho BNBUSDT 1d với mức rủi ro 20.0%
2025-03-09 14:31:07,909 - multi_coin_risk_analyzer - WARNING - Không tìm thấy kết quả cho BNBUSDT 1d với mức rủi ro 30.0%
2025-03-09 14:31:07,909 - multi_coin_risk_analyzer - WARNING - Không tìm thấy kết quả cho SOLUSDT 1h với mức rủi ro 10.0%
2025-03-09 14:31:07,909 - multi_coin_risk_analyzer - WARNING - Không tìm thấy kết quả cho SOLUSDT 1h với mức rủi ro 15.0%
2025-03-09 14:31:07,910 - multi_coin_risk_analyzer - WARNING - Không tìm thấy kết quả cho SOLUSDT 1h với mức rủi ro 20.0%
2025-03-09 14:31:07,910 - multi_coin_risk_analyzer - WARNING - Không tìm thấy kết quả cho SOLUSDT 1h với mức rủi ro 30.0%
2025-03-09 14:31:07,910 - multi_coin_risk_analyzer - WARNING - Không tìm thấy kết quả cho SOLUSDT 4h với mức rủi ro 10.0%
2025-03-09 14:31:07,910 - multi_coin_risk_analyzer - WARNING - Không tìm thấy kết quả cho SOLUSDT 4h với mức rủi ro 15.0%
2025-03-09 14:31:07,910 - multi_coin_risk_analyzer - WARNING - Không tìm thấy kết quả cho SOLUSDT 4h với mức rủi ro 20.0%
2025-03-09 14:31:07,910 - multi_coin_risk_analyzer - WARNING - Không tìm thấy kết quả cho SOLUSDT 4h với mức rủi ro 30.0%
2025-03-09 14:31:07,910 - multi_coin_risk_analyzer - WARNING - Không tìm thấy kết quả cho SOLUSDT 1d với mức rủi ro 10.0%
2025-03-09 14:31:07,910 - multi_coin_risk_analyzer - WARNING - Không tìm thấy kết quả cho SOLUSDT 1d với mức rủi ro 15.0%
2025-03-09 14:31:07,911 - multi_coin_risk_analyzer - WARNING - Không tìm thấy kết quả cho SOLUSDT 1d với mức rủi ro 20.0%
2025-03-09 14:31:07,911 - multi_coin_risk_analyzer - WARNING - Không tìm thấy kết quả cho SOLUSDT 1d với mức rủi ro 30.0%
2025-03-09 14:31:07,911 - multi_coin_risk_analyzer - WARNING - Không tìm thấy kết quả cho ADAUSDT 1h với mức rủi ro 10.0%
2025-03-09 14:31:07,911 - multi_coin_risk_analyzer - WARNING - Không tìm thấy kết quả cho ADAUSDT 1h với mức rủi ro 15.0%
2025-03-09 14:31:07,911 - multi_coin_risk_analyzer - WARNING - Không tìm thấy kết quả cho ADAUSDT 1h với mức rủi ro 20.0%
2025-03-09 14:31:07,911 - multi_coin_risk_analyzer - WARNING - Không tìm thấy kết quả cho ADAUSDT 1h với mức rủi ro 30.0%
2025-03-09 14:31:07,911 - multi_coin_risk_analyzer - WARNING - Không tìm thấy kết quả cho ADAUSDT 4h với mức rủi ro 10.0%
2025-03-09 14:31:07,912 - multi_coin_risk_analyzer - WARNING - Không tìm thấy kết quả cho ADAUSDT 4h với mức rủi ro 15.0%
2025-03-09 14:31:07,912 - multi_coin_risk_analyzer - WARNING - Không tìm thấy kết quả cho ADAUSDT 4h với mức rủi ro 20.0%
2025-03-09 14:31:07,912 - multi_coin_risk_analyzer - WARNING - Không tìm thấy kết quả cho ADAUSDT 4h với mức rủi ro 30.0%
2025-03-09 14:31:07,912 - multi_coin_risk_analyzer - WARNING - Không tìm thấy kết quả cho ADAUSDT 1d với mức rủi ro 10.0%
2025-03-09 14:31:07,912 - multi_coin_risk_analyzer - WARNING - Không tìm thấy kết quả cho ADAUSDT 1d với mức rủi ro 15.0%
2025-03-09 14:31:07,912 - multi_coin_risk_analyzer - WARNING - Không tìm thấy kết quả cho ADAUSDT 1d với mức rủi ro 20.0%
2025-03-09 14:31:07,912 - multi_coin_risk_analyzer - WARNING - Không tìm thấy kết quả cho ADAUSDT 1d với mức rủi ro 30.0%
2025-03-09 14:31:07,912 - multi_coin_risk_analyzer - WARNING - Không tìm thấy kết quả cho DOGEUSDT 1h với mức rủi ro 10.0%
2025-03-09 14:31:07,913 - multi_coin_risk_analyzer - WARNING - Không tìm thấy kết quả cho DOGEUSDT 1h với mức rủi ro 15.0%
2025-03-09 14:31:07,913 - multi_coin_risk_analyzer - WARNING - Không tìm thấy kết quả cho DOGEUSDT 1h với mức rủi ro 20.0%
2025-03-09 14:31:07,913 - multi_coin_risk_analyzer - WARNING - Không tìm thấy kết quả cho DOGEUSDT 1h với mức rủi ro 30.0%
2025-03-09 14:31:07,913 - multi_coin_risk_analyzer - WARNING - Không tìm thấy kết quả cho DOGEUSDT 4h với mức rủi ro 10.0%
2025-03-09 14:31:07,913 - multi_coin_risk_analyzer - WARNING - Không tìm thấy kết quả cho DOGEUSDT 4h với mức rủi ro 15.0%
2025-03-09 14:31:07,913 - multi_coin_risk_analyzer - WARNING - Không tìm thấy kết quả cho DOGEUSDT 4h với mức rủi ro 20.0%
2025-03-09 14:31:07,913 - multi_coin_risk_analyzer - WARNING - Không tìm thấy kết quả cho DOGEUSDT 4h với mức rủi ro 30.0%
2025-03-09 14:31:07,913 - multi_coin_risk_analyzer - WARNING - Không tìm thấy kết quả cho DOGEUSDT 1d với mức rủi ro 10.0%
2025-03-09 14:31:07,914 - multi_coin_risk_analyzer - WARNING - Không tìm thấy kết quả cho DOGEUSDT 1d với mức rủi ro 15.0%
2025-03-09 14:31:07,914 - multi_coin_risk_analyzer - WARNING - Không tìm thấy kết quả cho DOGEUSDT 1d với mức rủi ro 20.0%
2025-03-09 14:31:07,914 - multi_coin_risk_analyzer - WARNING - Không tìm thấy kết quả cho DOGEUSDT 1d với mức rủi ro 30.0%
2025-03-09 14:31:07,914 - multi_coin_risk_analyzer - WARNING - Không tìm thấy kết quả cho XRPUSDT 1h với mức rủi ro 10.0%
2025-03-09 14:31:07,914 - multi_coin_risk_analyzer - WARNING - Không tìm thấy kết quả cho XRPUSDT 1h với mức rủi ro 15.0%
2025-03-09 14:31:07,914 - multi_coin_risk_analyzer - WARNING - Không tìm thấy kết quả cho XRPUSDT 1h với mức rủi ro 20.0%
2025-03-09 14:31:07,914 - multi_coin_risk_analyzer - WARNING - Không tìm thấy kết quả cho XRPUSDT 1h với mức rủi ro 30.0%
2025-03-09 14:31:07,914 - multi_coin_risk_analyzer - WARNING - Không tìm thấy kết quả cho XRPUSDT 4h với mức rủi ro 10.0%
2025-03-09 14:31:07,915 - multi_coin_risk_analyzer - WARNING - Không tìm thấy kết quả cho XRPUSDT 4h với mức rủi ro 15.0%
2025-03-09 14:31:07,915 - multi_coin_risk_analyzer - WARNING - Không tìm thấy kết quả cho XRPUSDT 4h với mức rủi ro 20.0%
2025-03-09 14:31:07,915 - multi_coin_risk_analyzer - WARNING - Không tìm thấy kết quả cho XRPUSDT 4h với mức rủi ro 30.0%
2025-03-09 14:31:07,915 - multi_coin_risk_analyzer - WARNING - Không tìm thấy kết quả cho XRPUSDT 1d với mức rủi ro 10.0%
2025-03-09 14:31:07,915 - multi_coin_risk_analyzer - WARNING - Không tìm thấy kết quả cho XRPUSDT 1d với mức rủi ro 15.0%
2025-03-09 14:31:07,915 - multi_coin_risk_analyzer - WARNING - Không tìm thấy kết quả cho XRPUSDT 1d với mức rủi ro 20.0%
2025-03-09 14:31:07,915 - multi_coin_risk_analyzer - WARNING - Không tìm thấy kết quả cho XRPUSDT 1d với mức rủi ro 30.0%
2025-03-09 14:31:07,915 - multi_coin_risk_analyzer - WARNING - Không tìm thấy kết quả cho AVAXUSDT 1h với mức rủi ro 10.0%
2025-03-09 14:31:07,915 - multi_coin_risk_analyzer - WARNING - Không tìm thấy kết quả cho AVAXUSDT 1h với mức rủi ro 15.0%
2025-03-09 14:31:07,915 - multi_coin_risk_analyzer - WARNING - Không tìm thấy kết quả cho AVAXUSDT 1h với mức rủi ro 20.0%
2025-03-09 14:31:07,916 - multi_coin_risk_analyzer - WARNING - Không tìm thấy kết quả cho AVAXUSDT 1h với mức rủi ro 30.0%
2025-03-09 14:31:07,916 - multi_coin_risk_analyzer - WARNING - Không tìm thấy kết quả cho AVAXUSDT 4h với mức rủi ro 10.0%
2025-03-09 14:31:07,916 - multi_coin_risk_analyzer - WARNING - Không tìm thấy kết quả cho AVAXUSDT 4h với mức rủi ro 15.0%
2025-03-09 14:31:07,916 - multi_coin_risk_analyzer - WARNING - Không tìm thấy kết quả cho AVAXUSDT 4h với mức rủi ro 20.0%
2025-03-09 14:31:07,916 - multi_coin_risk_analyzer - WARNING - Không tìm thấy kết quả cho AVAXUSDT 4h với mức rủi ro 30.0%
2025-03-09 14:31:07,916 - multi_coin_risk_analyzer - WARNING - Không tìm thấy kết quả cho AVAXUSDT 1d với mức rủi ro 10.0%
2025-03-09 14:31:07,916 - multi_coin_risk_analyzer - WARNING - Không tìm thấy kết quả cho AVAXUSDT 1d với mức rủi ro 15.0%
2025-03-09 14:31:07,916 - multi_coin_risk_analyzer - WARNING - Không tìm thấy kết quả cho AVAXUSDT 1d với mức rủi ro 20.0%
2025-03-09 14:31:07,917 - multi_coin_risk_analyzer - WARNING - Không tìm thấy kết quả cho AVAXUSDT 1d với mức rủi ro 30.0%
2025-03-09 14:31:07,917 - multi_coin_risk_analyzer - INFO - Đã lưu kết quả phân tích tại multi_coin_risk_analysis.json
