[2025-03-09 07:23:54] Bắt đầu khởi động SL/TP with Telegram Integration...
[2025-03-09 07:23:54] Khởi động sltp_telegram_integration trực tiếp...
[2025-03-09 07:23:54] SL/TP with Telegram Integration đã được khởi động với PID 3185
[2025-03-09 07:23:59] SL/TP with Telegram Integration đang chạy bình thường với watchdog.
[2025-03-09 07:41:27] PID file tồn tại nhưng tiến trình không chạy. Xóa PID file cũ.
[2025-03-09 07:41:27] Bắt đầu khởi động SL/TP with Telegram Integration...
[2025-03-09 07:41:27] Khởi động watchdog để giám sát và tự khởi động lại SLTP Telegram khi cần...
[2025-03-09 07:41:27] Watchdog đã được khởi động với PID 4937
[2025-03-09 07:41:27] Không tìm thấy PID file. Khởi động quy trình
[2025-03-09 07:41:27] Khởi động quy trình SLTP Telegram tích hợp...
[2025-03-09 07:41:27] Quy trình SLTP Telegram đã khởi động với PID 4952
[2025-03-09 07:41:37] SL/TP with Telegram Integration đang chạy bình thường với PID 4952
[2025-03-09 07:41:37] Đã thiết lập cronjob để kiểm tra watchdog định kỳ
[2025-03-09 07:45:27] PID file tồn tại nhưng tiến trình không chạy. Xóa PID file cũ.
[2025-03-09 07:45:28] Bắt đầu khởi động SL/TP with Telegram Integration...
[2025-03-09 07:45:28] Khởi động watchdog để giám sát và tự khởi động lại SLTP Telegram khi cần...
[2025-03-09 07:45:28] Watchdog đã được khởi động với PID 5324
[2025-03-09 07:45:28] Không tìm thấy PID file. Khởi động quy trình
[2025-03-09 07:45:28] Khởi động quy trình SLTP Telegram tích hợp...
[2025-03-09 07:45:28] Quy trình SLTP Telegram đã khởi động với PID 5339
[2025-03-09 07:45:38] SL/TP with Telegram Integration đang chạy bình thường với PID 5339
[2025-03-09 07:45:38] Đã thiết lập cronjob để kiểm tra watchdog định kỳ
[2025-03-09 07:49:22] PID file tồn tại nhưng tiến trình không chạy. Xóa PID file cũ.
[2025-03-09 07:49:22] Bắt đầu khởi động SL/TP with Telegram Integration...
[2025-03-09 07:49:22] Khởi động watchdog để giám sát và tự khởi động lại SLTP Telegram khi cần...
[2025-03-09 07:49:22] Watchdog đã được khởi động với PID 5845
[2025-03-09 07:49:22] Không tìm thấy PID file. Khởi động quy trình
[2025-03-09 07:49:22] Khởi động quy trình SLTP Telegram tích hợp...
[2025-03-09 07:49:22] Quy trình SLTP Telegram đã khởi động với PID 5860
[2025-03-09 07:49:32] SL/TP with Telegram Integration đang chạy bình thường với PID 5860
[2025-03-09 07:49:32] Đã thiết lập cronjob để kiểm tra watchdog định kỳ
[2025-03-09 07:55:06] Bắt đầu khởi động SL/TP with Telegram Integration...
[2025-03-09 07:55:06] Khởi động watchdog để giám sát và tự khởi động lại SLTP Telegram khi cần...
[2025-03-09 07:55:06] Watchdog đã được khởi động với PID 6460
[2025-03-09 07:55:06] Không tìm thấy PID file. Khởi động quy trình
[2025-03-09 07:55:06] Khởi động quy trình SLTP Telegram tích hợp...
[2025-03-09 07:55:06] Quy trình SLTP Telegram đã khởi động với PID 6475
[2025-03-09 08:04:43] Bắt đầu khởi động SL/TP with Telegram Integration...
[2025-03-09 08:04:43] Khởi động watchdog để giám sát và tự khởi động lại SLTP Telegram khi cần...
[2025-03-09 08:04:43] Watchdog đã được khởi động với PID 844
[2025-03-09 08:04:43] Không tìm thấy PID file. Khởi động quy trình
[2025-03-09 08:04:43] Khởi động quy trình SLTP Telegram tích hợp...
[2025-03-09 08:04:43] Quy trình SLTP Telegram đã khởi động với PID 859
[2025-03-09 08:04:53] SL/TP with Telegram Integration đang chạy bình thường với PID 859
[2025-03-09 08:04:53] Đã thiết lập cronjob để kiểm tra watchdog định kỳ
