Sun 09 Mar 2025 04:51:52 AM UTC - Bắt đầu giám sát hệ thống trailing stop
2025-03-09 04:51:52 - Scheduler không hoạt động, đang khởi động lại...
2025-03-09 04:51:52 - Đã khởi động lại scheduler (lần thứ 1)
2025-03-09 04:51:52 - Dịch vụ trailing stop không hoạt động, đang khởi động lại...
2025-03-09 04:51:52,177 - trailing_stop_scheduler - INFO - Thực hiện hành động: start
2025-03-09 04:51:52,177 - trailing_stop_scheduler - INFO - Đang khởi động dịch vụ trailing stop với lệnh: /home/runner/workspace/.pythonlibs/bin/python position_trailing_stop.py --mode service --interval 60
2025-03-09 04:51:52,178 - trailing_stop_scheduler - INFO - Đã lưu PID 1703 vào trailing_stop.pid
2025-03-09 04:51:52,178 - trailing_stop_scheduler - INFO - Đã khởi động dịch vụ trailing stop với PID 1703
Đã khởi động dịch vụ trailing stop thành công
2025-03-09 04:51:52 - Đã khởi động lại dịch vụ trailing stop (lần thứ 1)
2025-03-09 04:51:52 - Tổng số lần khởi động lại: Scheduler=1, TrailingStop=1
Sun 09 Mar 2025 05:03:20 AM UTC - Bắt đầu giám sát hệ thống trailing stop
2025-03-09 05:03:20 - Scheduler không hoạt động, đang khởi động lại...
2025-03-09 05:03:20 - Đã khởi động lại scheduler (lần thứ 1)
2025-03-09 05:03:20 - Dịch vụ trailing stop không hoạt động, đang khởi động lại...
2025-03-09 05:03:20,357 - trailing_stop_scheduler - INFO - Thực hiện hành động: start
2025-03-09 05:03:20,357 - trailing_stop_scheduler - INFO - Đang khởi động dịch vụ trailing stop với lệnh: /home/runner/workspace/.pythonlibs/bin/python position_trailing_stop.py --mode service --interval 60
2025-03-09 05:03:20,358 - trailing_stop_scheduler - INFO - Đã lưu PID 3090 vào trailing_stop.pid
2025-03-09 05:03:20,359 - trailing_stop_scheduler - INFO - Đã khởi động dịch vụ trailing stop với PID 3090
Đã khởi động dịch vụ trailing stop thành công
2025-03-09 05:03:20 - Đã khởi động lại dịch vụ trailing stop (lần thứ 1)
2025-03-09 05:03:20 - Tổng số lần khởi động lại: Scheduler=1, TrailingStop=1
