2025-03-09 04:51:52,171 - trailing_stop_scheduler - INFO - Thực hiện hành động: schedule
2025-03-09 04:51:52,171 - trailing_stop_scheduler - INFO - Đã lưu PID 1687 vào trailing_stop_scheduler.pid
2025-03-09 04:51:52,171 - trailing_stop_scheduler - INFO - Bắt đầu dịch vụ lập lịch với interval 3600 giây
2025-03-09 04:51:52,171 - trailing_stop_scheduler - INFO - Thực hiện tác vụ theo lịch trình (interval: 3600s)
2025-03-09 04:51:52,171 - trailing_stop_scheduler - INFO - Đang thêm trailing stop với lệnh: /home/runner/workspace/.pythonlibs/bin/python add_trailing_stop_to_positions.py
2025-03-09 04:51:52,177 - trailing_stop_scheduler - INFO - Thực hiện hành động: start
2025-03-09 04:51:52,177 - trailing_stop_scheduler - INFO - Đang khởi động dịch vụ trailing stop với lệnh: /home/runner/workspace/.pythonlibs/bin/python position_trailing_stop.py --mode service --interval 60
2025-03-09 04:51:52,178 - trailing_stop_scheduler - INFO - Đã lưu PID 1703 vào trailing_stop.pid
2025-03-09 04:51:52,178 - trailing_stop_scheduler - INFO - Đã khởi động dịch vụ trailing stop với PID 1703
2025-03-09 04:51:54,701 - trailing_stop_scheduler - INFO - Đã thêm trailing stop thành công cho các vị thế hiện có
2025-03-09 04:51:56,682 - trailing_stop_scheduler - INFO - Thực hiện hành động: schedule
2025-03-09 04:51:58,691 - trailing_stop_scheduler - INFO - Thực hiện hành động: start
2025-03-09 04:51:58,692 - trailing_stop_scheduler - INFO - Đang dừng dịch vụ trailing stop (PID: 1703)
2025-03-09 04:51:59,192 - trailing_stop_scheduler - INFO - Đã dừng thành công dịch vụ trailing stop (PID: 1703)
2025-03-09 04:51:59,193 - trailing_stop_scheduler - INFO - Đang khởi động dịch vụ trailing stop với lệnh: /home/runner/workspace/.pythonlibs/bin/python position_trailing_stop.py --mode service --interval 60
2025-03-09 04:51:59,194 - trailing_stop_scheduler - INFO - Đã lưu PID 1823 vào trailing_stop.pid
2025-03-09 04:51:59,194 - trailing_stop_scheduler - INFO - Đã khởi động dịch vụ trailing stop với PID 1823
2025-03-09 05:03:20,357 - trailing_stop_scheduler - INFO - Thực hiện hành động: start
2025-03-09 05:03:20,357 - trailing_stop_scheduler - INFO - Đang khởi động dịch vụ trailing stop với lệnh: /home/runner/workspace/.pythonlibs/bin/python position_trailing_stop.py --mode service --interval 60
2025-03-09 05:03:20,357 - trailing_stop_scheduler - INFO - Thực hiện hành động: schedule
2025-03-09 05:03:20,358 - trailing_stop_scheduler - INFO - Đã lưu PID 3078 vào trailing_stop_scheduler.pid
2025-03-09 05:03:20,358 - trailing_stop_scheduler - INFO - Bắt đầu dịch vụ lập lịch với interval 3600 giây
2025-03-09 05:03:20,358 - trailing_stop_scheduler - INFO - Thực hiện tác vụ theo lịch trình (interval: 3600s)
2025-03-09 05:03:20,358 - trailing_stop_scheduler - INFO - Đang thêm trailing stop với lệnh: /home/runner/workspace/.pythonlibs/bin/python add_trailing_stop_to_positions.py
2025-03-09 05:03:20,358 - trailing_stop_scheduler - INFO - Đã lưu PID 3090 vào trailing_stop.pid
2025-03-09 05:03:20,359 - trailing_stop_scheduler - INFO - Đã khởi động dịch vụ trailing stop với PID 3090
2025-03-09 05:03:21,022 - trailing_stop_scheduler - INFO - Đã thêm trailing stop thành công cho các vị thế hiện có
2025-03-09 05:03:23,273 - trailing_stop_scheduler - INFO - Thực hiện hành động: schedule
2025-03-09 05:03:25,280 - trailing_stop_scheduler - INFO - Thực hiện hành động: start
2025-03-09 05:03:25,280 - trailing_stop_scheduler - INFO - Đang dừng dịch vụ trailing stop (PID: 3090)
2025-03-09 05:03:25,781 - trailing_stop_scheduler - INFO - Đã dừng thành công dịch vụ trailing stop (PID: 3090)
2025-03-09 05:03:25,782 - trailing_stop_scheduler - INFO - Đang khởi động dịch vụ trailing stop với lệnh: /home/runner/workspace/.pythonlibs/bin/python position_trailing_stop.py --mode service --interval 60
2025-03-09 05:03:25,782 - trailing_stop_scheduler - INFO - Đã lưu PID 3174 vào trailing_stop.pid
2025-03-09 05:03:25,783 - trailing_stop_scheduler - INFO - Đã khởi động dịch vụ trailing stop với PID 3174
2025-03-09 05:03:30,290 - trailing_stop_scheduler - INFO - Thực hiện hành động: status
