2025-02-27 07:42:25,754 - __main__ - INFO - Attempting to start server...
2025-02-27 07:42:25,755 - __main__ - INFO - Python version: 3.11.10 (main, Sep  7 2024, 01:03:31) [GCC 13.3.0]
2025-02-27 07:42:25,755 - __main__ - ERROR - Failed to start server: type object 'Flask' has no attribute '__version__'
2025-02-27 07:42:25,755 - __main__ - ERROR - Detailed error traceback:
Traceback (most recent call last):
  File "/home/runner/workspace/app/minimal_server.py", line 31, in <module>
    logger.info(f"Flask version: {Flask.__version__}")
                                  ^^^^^^^^^^^^^^^^^
AttributeError: type object 'Flask' has no attribute '__version__'
2025-02-27 10:49:22,489 - __main__ - INFO - Attempting to start server...
2025-02-27 10:49:22,490 - __main__ - INFO - Python version: 3.11.10 (main, Sep  7 2024, 01:03:31) [GCC 13.3.0]
2025-02-27 10:49:22,490 - __main__ - ERROR - Failed to start server: type object 'Flask' has no attribute '__version__'
2025-02-27 10:49:22,490 - __main__ - ERROR - Detailed error traceback:
Traceback (most recent call last):
  File "/home/runner/workspace/app/minimal_server.py", line 31, in <module>
    logger.info(f"Flask version: {Flask.__version__}")
                                  ^^^^^^^^^^^^^^^^^
AttributeError: type object 'Flask' has no attribute '__version__'
2025-02-27 11:06:32,807 - __main__ - INFO - Attempting to start server...
2025-02-27 11:06:32,807 - __main__ - INFO - Python version: 3.11.10 (main, Sep  7 2024, 01:03:31) [GCC 13.3.0]
2025-02-27 11:06:32,807 - __main__ - ERROR - Failed to start server: type object 'Flask' has no attribute '__version__'
2025-02-27 11:06:32,807 - __main__ - ERROR - Detailed error traceback:
Traceback (most recent call last):
  File "/home/runner/workspace/app/minimal_server.py", line 31, in <module>
    logger.info(f"Flask version: {Flask.__version__}")
                                  ^^^^^^^^^^^^^^^^^
AttributeError: type object 'Flask' has no attribute '__version__'
2025-02-28 00:37:05,842 - __main__ - INFO - Attempting to start server...
2025-02-28 00:37:05,842 - __main__ - INFO - Python version: 3.11.10 (main, Sep  7 2024, 01:03:31) [GCC 13.3.0]
2025-02-28 00:37:05,842 - __main__ - ERROR - Failed to start server: type object 'Flask' has no attribute '__version__'
2025-02-28 00:37:05,842 - __main__ - ERROR - Detailed error traceback:
Traceback (most recent call last):
  File "/home/runner/workspace/app/minimal_server.py", line 31, in <module>
    logger.info(f"Flask version: {Flask.__version__}")
                                  ^^^^^^^^^^^^^^^^^
AttributeError: type object 'Flask' has no attribute '__version__'
2025-02-28 00:38:39,695 - __main__ - INFO - Attempting to start server...
2025-02-28 00:38:39,695 - __main__ - INFO - Python version: 3.11.10 (main, Sep  7 2024, 01:03:31) [GCC 13.3.0]
2025-02-28 00:38:39,695 - __main__ - ERROR - Failed to start server: type object 'Flask' has no attribute '__version__'
2025-02-28 00:38:39,695 - __main__ - ERROR - Detailed error traceback:
Traceback (most recent call last):
  File "/home/runner/workspace/app/minimal_server.py", line 31, in <module>
    logger.info(f"Flask version: {Flask.__version__}")
                                  ^^^^^^^^^^^^^^^^^
AttributeError: type object 'Flask' has no attribute '__version__'
2025-02-28 01:31:35,197 - __main__ - INFO - Attempting to start server...
2025-02-28 01:31:35,200 - __main__ - INFO - Python version: 3.11.10 (main, Sep  7 2024, 01:03:31) [GCC 13.3.0]
2025-02-28 01:31:35,200 - __main__ - ERROR - Failed to start server: type object 'Flask' has no attribute '__version__'
2025-02-28 01:31:35,200 - __main__ - ERROR - Detailed error traceback:
Traceback (most recent call last):
  File "/home/runner/workspace/app/minimal_server.py", line 31, in <module>
    logger.info(f"Flask version: {Flask.__version__}")
                                  ^^^^^^^^^^^^^^^^^
AttributeError: type object 'Flask' has no attribute '__version__'
2025-02-28 01:34:04,320 - __main__ - INFO - Attempting to start server...
2025-02-28 01:34:04,322 - __main__ - INFO - Python version: 3.11.10 (main, Sep  7 2024, 01:03:31) [GCC 13.3.0]
2025-02-28 01:34:04,322 - __main__ - ERROR - Failed to start server: type object 'Flask' has no attribute '__version__'
2025-02-28 01:34:04,322 - __main__ - ERROR - Detailed error traceback:
Traceback (most recent call last):
  File "/home/runner/workspace/app/minimal_server.py", line 31, in <module>
    logger.info(f"Flask version: {Flask.__version__}")
                                  ^^^^^^^^^^^^^^^^^
AttributeError: type object 'Flask' has no attribute '__version__'
