=== Trading Performance Summary ===
total_trades: 62
winning_trades: 16
losing_trades: 15
win_rate: 0.25806451612903225
profit_factor: 0.7904336187051558
avg_win: 0.08080259173994322
avg_loss: -0.10222565162690007
largest_win: 0.17059297241841664
largest_loss: -0.3457197444540605
total_hedge_trades: 194
hedge_win_rate: 0.4896907216494845
hedge_correlation: 0.6803842389739302
hedge_profit_factor: 1.1496002565736425
daily_win_rate: 0.4896907216494845
daily_return: -0.0035707330537976794
daily_volatility: 0.11628529025294364
daily_sharpe: -0.03070666157370915
weekly_win_rate: 0.5
weekly_return: -0.023820475527846607
weekly_volatility: 0.4493091272929464
weekly_sharpe: -0.05301578374640011
monthly_win_rate: 0.4536082474226804
monthly_return: -0.17979850298132935
monthly_volatility: 1.0097156400930072
monthly_sharpe: -0.17806845397063248
max_drawdown: -3.2156643434267145
avg_drawdown: -1.8229081095755644
drawdown_duration: 173
time_in_market: 0.39690721649484534
win_loss_ratio: 0.7904336187051558
trading_days: 194
annualized_return: -0.9409095874517597
annualized_volatility: 1.8412079488467648
